{"total": {"lines":{"total":930,"covered":818,"skipped":0,"pct":87.95},"statements":{"total":930,"covered":818,"skipped":0,"pct":87.95},"functions":{"total":43,"covered":43,"skipped":0,"pct":100},"branches":{"total":168,"covered":149,"skipped":0,"pct":88.69},"branchesTrue":{"total":0,"covered":0,"skipped":0,"pct":100}}
,"C:\\dev\\code\\unt-fluffy-squrriel-safari\\scripts\\build-db.ts": {"lines":{"total":416,"covered":308,"skipped":0,"pct":74.03},"functions":{"total":6,"covered":6,"skipped":0,"pct":100},"statements":{"total":416,"covered":308,"skipped":0,"pct":74.03},"branches":{"total":44,"covered":36,"skipped":0,"pct":81.81}}
,"C:\\dev\\code\\unt-fluffy-squrriel-safari\\src\\main\\db.ts": {"lines":{"total":240,"covered":240,"skipped":0,"pct":100},"functions":{"total":25,"covered":25,"skipped":0,"pct":100},"statements":{"total":240,"covered":240,"skipped":0,"pct":100},"branches":{"total":48,"covered":45,"skipped":0,"pct":93.75}}
,"C:\\dev\\code\\unt-fluffy-squrriel-safari\\src\\main\\game-engine.ts": {"lines":{"total":157,"covered":154,"skipped":0,"pct":98.08},"functions":{"total":7,"covered":7,"skipped":0,"pct":100},"statements":{"total":157,"covered":154,"skipped":0,"pct":98.08},"branches":{"total":39,"covered":37,"skipped":0,"pct":94.87}}
,"C:\\dev\\code\\unt-fluffy-squrriel-safari\\src\\main\\ollama.ts": {"lines":{"total":117,"covered":116,"skipped":0,"pct":99.14},"functions":{"total":5,"covered":5,"skipped":0,"pct":100},"statements":{"total":117,"covered":116,"skipped":0,"pct":99.14},"branches":{"total":37,"covered":31,"skipped":0,"pct":83.78}}
}
