{"total": {"lines":{"total":929,"covered":406,"skipped":0,"pct":43.7},"statements":{"total":929,"covered":406,"skipped":0,"pct":43.7},"functions":{"total":43,"covered":9,"skipped":0,"pct":20.93},"branches":{"total":68,"covered":60,"skipped":0,"pct":88.23},"branchesTrue":{"total":0,"covered":0,"skipped":0,"pct":100}}
,"C:\\dev\\code\\unt-fluffy-squrriel-safari\\scripts\\build-db.ts": {"lines":{"total":416,"covered":308,"skipped":0,"pct":74.03},"functions":{"total":6,"covered":6,"skipped":0,"pct":100},"statements":{"total":416,"covered":308,"skipped":0,"pct":74.03},"branches":{"total":44,"covered":36,"skipped":0,"pct":81.81}}
,"C:\\dev\\code\\unt-fluffy-squrriel-safari\\src\\main\\db.ts": {"lines":{"total":239,"covered":26,"skipped":0,"pct":10.87},"functions":{"total":25,"covered":0,"skipped":0,"pct":0},"statements":{"total":239,"covered":26,"skipped":0,"pct":10.87},"branches":{"total":0,"covered":0,"skipped":0,"pct":100}}
,"C:\\dev\\code\\unt-fluffy-squrriel-safari\\src\\main\\game-engine.ts": {"lines":{"total":157,"covered":53,"skipped":0,"pct":33.75},"functions":{"total":7,"covered":2,"skipped":0,"pct":28.57},"statements":{"total":157,"covered":53,"skipped":0,"pct":33.75},"branches":{"total":22,"covered":22,"skipped":0,"pct":100}}
,"C:\\dev\\code\\unt-fluffy-squrriel-safari\\src\\main\\ollama.ts": {"lines":{"total":117,"covered":19,"skipped":0,"pct":16.23},"functions":{"total":5,"covered":1,"skipped":0,"pct":20},"statements":{"total":117,"covered":19,"skipped":0,"pct":16.23},"branches":{"total":2,"covered":2,"skipped":0,"pct":100}}
}
